<?xml version="1.0" encoding="UTF-8"?>
<!-- Generated by org.testng.reporters.JUnitXMLReporter -->
<testsuite ignored="4" hostname="gani" failures="0" tests="3" name="Test" time="57.616" errors="0" timestamp="2025-03-27T18:08:45 IST">
  <testcase classname="leads.DeleteFirstLeadTest" name="deleteFirstLead" time="4.143"/>
  <testcase classname="contacts.CreateContactWithLeadSourceTest" name="createContactWithLeadSource" time="7.77"/>
  <testcase classname="leads.CreateLeadsTest" name="createLeads" time="8.125"/>
  <testcase classname="genericUtilities.BaseClass" name="@BeforeSuite dataBaseConnection" time="0.0">
    <ignored/>
  </testcase> <!-- @BeforeSuite dataBaseConnection -->
  <testcase classname="genericUtilities.BaseClass" name="@AfterSuite dataBaseConnectionClose" time="0.0">
    <ignored/>
  </testcase> <!-- @AfterSuite dataBaseConnectionClose -->
  <testcase classname="genericUtilities.BaseClass" name="@BeforeSuite dataBaseConnection" time="0.0">
    <ignored/>
  </testcase> <!-- @BeforeSuite dataBaseConnection -->
  <testcase classname="genericUtilities.BaseClass" name="@AfterSuite dataBaseConnectionClose" time="0.0">
    <ignored/>
  </testcase> <!-- @AfterSuite dataBaseConnectionClose -->
</testsuite> <!-- Test -->
