<?xml version="1.0" encoding="UTF-8"?>
<testng-results ignored="0" total="1" passed="1" failed="0" skipped="0">
  <reporter-output>
  </reporter-output>
  <suite started-at="2025-04-25T12:55:20 IST" name="Default suite" finished-at="2025-04-25T12:57:07 IST" duration-ms="106998">
    <groups>
    </groups>
    <test started-at="2025-04-25T12:55:20 IST" name="Default test" finished-at="2025-04-25T12:57:07 IST" duration-ms="106998">
      <class name="contacts.CreateContactUsingCommonDataAndTestDataTest">
        <test-method is-config="true" signature="dataBaseConnection()[pri:0, instance:contacts.CreateContactUsingCommonDataAndTestDataTest@62ddbd7e]" started-at="2025-04-25T12:55:20 IST" name="dataBaseConnection" finished-at="2025-04-25T12:55:20 IST" duration-ms="277" status="PASS">
          <reporter-output>
          </reporter-output>
        </test-method> <!-- dataBaseConnection -->
        <test-method is-config="true" signature="browserConnection()[pri:0, instance:contacts.CreateContactUsingCommonDataAndTestDataTest@62ddbd7e]" started-at="2025-04-25T12:55:21 IST" name="browserConnection" finished-at="2025-04-25T12:55:40 IST" duration-ms="19142" status="PASS">
          <reporter-output>
          </reporter-output>
        </test-method> <!-- browserConnection -->
        <test-method is-config="true" signature="applicationLunching()[pri:0, instance:contacts.CreateContactUsingCommonDataAndTestDataTest@62ddbd7e]" started-at="2025-04-25T12:55:40 IST" name="applicationLunching" finished-at="2025-04-25T12:56:03 IST" duration-ms="23304" status="PASS">
          <reporter-output>
          </reporter-output>
        </test-method> <!-- applicationLunching -->
        <test-method signature="createContactUsingCommonDataAndTestData()[pri:0, instance:contacts.CreateContactUsingCommonDataAndTestDataTest@62ddbd7e]" started-at="2025-04-25T12:56:03 IST" name="createContactUsingCommonDataAndTestData" finished-at="2025-04-25T12:57:02 IST" duration-ms="58444" status="PASS">
          <reporter-output>
          </reporter-output>
        </test-method> <!-- createContactUsingCommonDataAndTestData -->
        <test-method is-config="true" signature="applicationSignOut()[pri:0, instance:contacts.CreateContactUsingCommonDataAndTestDataTest@62ddbd7e]" started-at="2025-04-25T12:57:02 IST" name="applicationSignOut" finished-at="2025-04-25T12:57:07 IST" duration-ms="5552" status="PASS">
          <reporter-output>
          </reporter-output>
        </test-method> <!-- applicationSignOut -->
        <test-method is-config="true" signature="closeTheBrowser()[pri:0, instance:contacts.CreateContactUsingCommonDataAndTestDataTest@62ddbd7e]" started-at="2025-04-25T12:57:07 IST" name="closeTheBrowser" finished-at="2025-04-25T12:57:07 IST" duration-ms="89" status="PASS">
          <reporter-output>
          </reporter-output>
        </test-method> <!-- closeTheBrowser -->
        <test-method is-config="true" signature="dataBaseConnectionClose()[pri:0, instance:contacts.CreateContactUsingCommonDataAndTestDataTest@62ddbd7e]" started-at="2025-04-25T12:57:09 IST" name="dataBaseConnectionClose" finished-at="2025-04-25T12:57:09 IST" duration-ms="2" status="PASS">
          <reporter-output>
          </reporter-output>
        </test-method> <!-- dataBaseConnectionClose -->
      </class> <!-- contacts.CreateContactUsingCommonDataAndTestDataTest -->
    </test> <!-- Default test -->
  </suite> <!-- Default suite -->
</testng-results>
