<?xml version="1.0" encoding="UTF-8"?>
<!-- Generated by org.testng.reporters.JUnitReportReporter -->
<testsuite hostname="gani" failures="0" tests="1" name="contacts.CreateContactUsingCommonDataAndTestDataTest" time="87.300" errors="0" timestamp="2025-04-25T12:57:09 IST" skipped="0">
  <testcase classname="contacts.CreateContactUsingCommonDataAndTestDataTest" name="createContactUsingCommonDataAndTestData" time="87.300"/>
</testsuite> <!-- contacts.CreateContactUsingCommonDataAndTestDataTest -->
