<?xml version="1.0" encoding="UTF-8"?>
<!-- Generated by org.testng.reporters.JUnitReportReporter -->
<testsuite hostname="gani" failures="0" tests="1" name="origanizations.CreateOppotunitiesWithValidCridentialsTest" time="15.147" errors="0" timestamp="2025-04-20T18:17:14 IST" skipped="0">
  <testcase classname="origanizations.CreateOppotunitiesWithValidCridentialsTest" name="createOppotunitiesonWithValidCridentialsTest" time="15.147"/>
</testsuite> <!-- origanizations.CreateOppotunitiesWithValidCridentialsTest -->
